Spark Command: /usr/lib/jvm/java-8-openjdk-amd64/jre/bin/java -cp /opt/spark-2.3.4-bin-hadoop2.7/conf/:/opt/spark-2.3.4-bin-hadoop2.7/jars/* -Xmx1g org.apache.spark.deploy.worker.Worker --webui-port 8081 spark://407169e75083:7077
========================================
2021-04-02 21:35:42 INFO  Worker:2612 - Started daemon with process name: 1658@407169e75083
2021-04-02 21:35:42 INFO  SignalUtils:54 - Registered signal handler for TERM
2021-04-02 21:35:42 INFO  SignalUtils:54 - Registered signal handler for HUP
2021-04-02 21:35:42 INFO  SignalUtils:54 - Registered signal handler for INT
2021-04-02 21:35:44 WARN  NativeCodeLoader:62 - Unable to load native-hadoop library for your platform... using builtin-java classes where applicable
2021-04-02 21:35:45 INFO  SecurityManager:54 - Changing view acls to: root
2021-04-02 21:35:45 INFO  SecurityManager:54 - Changing modify acls to: root
2021-04-02 21:35:45 INFO  SecurityManager:54 - Changing view acls groups to: 
2021-04-02 21:35:45 INFO  SecurityManager:54 - Changing modify acls groups to: 
2021-04-02 21:35:45 INFO  SecurityManager:54 - SecurityManager: authentication disabled; ui acls disabled; users  with view permissions: Set(root); groups with view permissions: Set(); users  with modify permissions: Set(root); groups with modify permissions: Set()
2021-04-02 21:35:46 INFO  Utils:54 - Successfully started service 'sparkWorker' on port 44237.
2021-04-02 21:35:47 INFO  Worker:54 - Starting Spark worker 172.18.0.2:44237 with 2 cores, 6.3 GB RAM
2021-04-02 21:35:47 INFO  Worker:54 - Running Spark version 2.3.4
2021-04-02 21:35:47 INFO  Worker:54 - Spark home: /opt/spark-2.3.4-bin-hadoop2.7
2021-04-02 21:35:47 INFO  log:192 - Logging initialized @8198ms
2021-04-02 21:35:48 INFO  Server:351 - jetty-9.3.z-SNAPSHOT, build timestamp: unknown, git hash: unknown
2021-04-02 21:35:48 INFO  Server:419 - Started @8669ms
2021-04-02 21:35:48 WARN  Utils:66 - Service 'WorkerUI' could not bind on port 8081. Attempting port 8082.
2021-04-02 21:35:48 WARN  Utils:66 - Service 'WorkerUI' could not bind on port 8082. Attempting port 8083.
2021-04-02 21:35:48 WARN  Utils:66 - Service 'WorkerUI' could not bind on port 8083. Attempting port 8084.
2021-04-02 21:35:48 INFO  AbstractConnector:278 - Started ServerConnector@1f5a751b{HTTP/1.1,[http/1.1]}{0.0.0.0:8084}
2021-04-02 21:35:48 INFO  Utils:54 - Successfully started service 'WorkerUI' on port 8084.
2021-04-02 21:35:48 INFO  ContextHandler:781 - Started o.s.j.s.ServletContextHandler@186ed4b5{/logPage,null,AVAILABLE,@Spark}
2021-04-02 21:35:48 INFO  ContextHandler:781 - Started o.s.j.s.ServletContextHandler@270a757{/logPage/json,null,AVAILABLE,@Spark}
2021-04-02 21:35:48 INFO  ContextHandler:781 - Started o.s.j.s.ServletContextHandler@5966e138{/,null,AVAILABLE,@Spark}
2021-04-02 21:35:48 INFO  ContextHandler:781 - Started o.s.j.s.ServletContextHandler@4bf0331b{/json,null,AVAILABLE,@Spark}
2021-04-02 21:35:48 INFO  ContextHandler:781 - Started o.s.j.s.ServletContextHandler@4c3d7f2d{/static,null,AVAILABLE,@Spark}
2021-04-02 21:35:48 INFO  ContextHandler:781 - Started o.s.j.s.ServletContextHandler@5cecfebf{/log,null,AVAILABLE,@Spark}
2021-04-02 21:35:48 INFO  WorkerWebUI:54 - Bound WorkerWebUI to 0.0.0.0, and started at http://407169e75083:8084
2021-04-02 21:35:48 INFO  Worker:54 - Connecting to master 407169e75083:7077...
2021-04-02 21:35:48 INFO  ContextHandler:781 - Started o.s.j.s.ServletContextHandler@14008de3{/metrics/json,null,AVAILABLE,@Spark}
2021-04-02 21:35:49 INFO  TransportClientFactory:267 - Successfully created connection to 407169e75083/172.18.0.2:7077 after 212 ms (0 ms spent in bootstraps)
2021-04-02 21:35:50 INFO  Worker:54 - Successfully registered with master spark://407169e75083:7077
